Added Component: Designator=U1(RHB32_3P45X3P45_TEX)
Add component (AddParameter): Name = "ERP"; Value = ""; VariantName = "[No Variations]"
Add component (AddParameter): Name = "Manufacturer 1"; Value = "TI"; VariantName = "[No Variations]"
Add component (AddParameter): Name = "Manufacturer Part Number 1"; Value = "TRF7964ARHBR"; VariantName = "[No Variations]"
Add component (AddParameter): Name = "Package"; Value = "VQFN32"; VariantName = "[No Variations]"
Add component (AddParameter): Name = "Supplier 1"; Value = "Digikey"; VariantName = "[No Variations]"
Add component (AddParameter): Name = "Supplier Part Number 1"; Value = "296-35671-1-ND"; VariantName = "[No Variations]"
Add component (AddParameter): Name = "Suuplier Part Number 1"; Value = ""; VariantName = "[No Variations]"
Add component (AddParameter): Name = "Value"; Value = "TRF7964ARHBR"; VariantName = "[No Variations]"
Added Pin To Net: NetName=RFID_VDDA Pin=U1-1
Added Pin To Net: NetName=RFID_VIN Pin=U1-2
Added Pin To Net: NetName=RFID_VDDRF Pin=U1-3
Added Pin To Net: NetName=RFID_VDDRF Pin=U1-4
Added Pin To Net: NetName=RFID_TX Pin=U1-5
Added Pin To Net: NetName=GND Pin=U1-6
Added Pin To Net: NetName=GND Pin=U1-7
Added Pin To Net: NetName=RFID_RX1 Pin=U1-8
Added Pin To Net: NetName=RFID_RX2 Pin=U1-9
Added Pin To Net: NetName=GND Pin=U1-10
Added Pin To Net: NetName=RFID_BG Pin=U1-11
Added Pin To Net: NetName=NetR21_2 Pin=U1-13
Added Pin To Net: NetName=GND Pin=U1-15
Added Pin To Net: NetName=3V3 Pin=U1-16
Added Pin To Net: NetName=NetR11_1 Pin=U1-17
Added Pin To Net: NetName=NetR12_1 Pin=U1-18
Added Pin To Net: NetName=NetR13_1 Pin=U1-19
Added Pin To Net: NetName=NetR14_1 Pin=U1-20
Added Pin To Net: NetName=NetR15_1 Pin=U1-21
Added Pin To Net: NetName=NetR16_1 Pin=U1-22
Added Pin To Net: NetName=NetR17_1 Pin=U1-23
Added Pin To Net: NetName=NetR18_1 Pin=U1-24
Added Pin To Net: NetName=NetR19_2 Pin=U1-25
Added Pin To Net: NetName=NetR20_2 Pin=U1-26
Added Pin To Net: NetName=NetR1_2 Pin=U1-28
Added Pin To Net: NetName=GND Pin=U1-29
Added Pin To Net: NetName=RFID_XOUT Pin=U1-30
Added Pin To Net: NetName=RFID_XIN Pin=U1-31
Added Pin To Net: NetName=RFID_VOUT Pin=U1-32
Added Pin To Net: NetName=GND Pin=U1-33
Added Pin To Net: NetName=GND Pin=U1-33
Add Class Member: Failed to add class member : Component J8 APCB
Add Class Member: Failed to add class member : Component J10 BPCB
Add Class Member: Failed to add class member : Component J11 SCREW
Add Class Member: Failed to add class member : Component J12 ENCLOSURE
Added Member To Class: ClassName=RFID Member=Component U1 ERP_121-4
